iRCRADIO/manifest-merger-release-report.txt
-- Merging decision tree log ---
manifest
ADDED from AndroidManifest.xml:2:1
	xmlns:android
		ADDED from AndroidManifest.xml:2:11
	package
		ADDED from AndroidManifest.xml:3:7
		INJECTED from AndroidManifest.xml:0:0
		INJECTED from AndroidManifest.xml:0:0
	android:versionName
		ADDED from AndroidManifest.xml:4:7
	android:versionCode
		ADDED from AndroidManifest.xml:4:33
		INJECTED from AndroidManifest.xml:0:0
		INJECTED from AndroidManifest.xml:0:0
uses-sdk
ADDED from AndroidManifest.xml:5:7
MERGED from com.android.support:appcompat-v7:21.0.2:15:5
MERGED from com.android.support:support-v4:21.0.2:15:5
MERGED from com.afollestad:material-dialogs:0.4.3:8:5
MERGED from com.android.support:appcompat-v7:21.0.2:15:5
MERGED from com.android.support:support-v4:21.0.2:15:5
MERGED from com.jpardogo.materialtabstrip:library:1.0.6:5:5
MERGED from com.android.support:support-v4:21.0.2:15:5
MERGED from com.android.support:preffrag:1.0.0:20:5
MERGED from com.android.support:support-v4:21.0.2:15:5
	android:targetSdkVersion
		ADDED from AndroidManifest.xml:5:44
		INJECTED from AndroidManifest.xml:0:0
		INJECTED from AndroidManifest.xml:0:0
	android:minSdkVersion
		ADDED from AndroidManifest.xml:5:17
		INJECTED from AndroidManifest.xml:0:0
		INJECTED from AndroidManifest.xml:0:0
supports-screens
ADDED from AndroidManifest.xml:7:7
	android:resizeable
		ADDED from AndroidManifest.xml:8:37
	android:largeScreens
		ADDED from AndroidManifest.xml:7:25
	android:anyDensity
		ADDED from AndroidManifest.xml:8:11
	android:normalScreens
		ADDED from AndroidManifest.xml:7:53
	android:smallScreens
		ADDED from AndroidManifest.xml:7:82
uses-permission#android.permission.READ_PHONE_STATE
ADDED from AndroidManifest.xml:10:7
	android:name
		ADDED from AndroidManifest.xml:10:24
uses-permission#android.permission.ACCESS_NETWORK_STATE
ADDED from AndroidManifest.xml:11:7
	android:name
		ADDED from AndroidManifest.xml:11:24
uses-permission#android.permission.ACCESS_WIFI_STATE
ADDED from AndroidManifest.xml:12:7
	android:name
		ADDED from AndroidManifest.xml:12:24
uses-permission#android.permission.INTERNET
ADDED from AndroidManifest.xml:13:7
	android:name
		ADDED from AndroidManifest.xml:13:24
uses-permission#android.permission.WAKE_LOCK
ADDED from AndroidManifest.xml:14:7
	android:name
		ADDED from AndroidManifest.xml:14:24
uses-permission#android.permission.WRITE_EXTERNAL_STORAGE
ADDED from AndroidManifest.xml:15:7
	android:name
		ADDED from AndroidManifest.xml:15:24
application
ADDED from AndroidManifest.xml:17:7
MERGED from com.android.support:appcompat-v7:21.0.2:16:5
MERGED from com.android.support:support-v4:21.0.2:16:5
MERGED from com.android.support:appcompat-v7:21.0.2:16:5
MERGED from com.android.support:support-v4:21.0.2:16:5
MERGED from com.jpardogo.materialtabstrip:library:1.0.6:9:5
MERGED from com.android.support:support-v4:21.0.2:16:5
MERGED from com.android.support:preffrag:1.0.0:24:5
MERGED from com.android.support:support-v4:21.0.2:16:5
	android:label
		ADDED from AndroidManifest.xml:17:70
	android:allowBackup
		ADDED from AndroidManifest.xml:17:135
	android:icon
		ADDED from AndroidManifest.xml:17:40
	android:theme
		ADDED from AndroidManifest.xml:17:104
	android:name
		ADDED from AndroidManifest.xml:17:20
activity#com.cratorsoft.android.aamain.ActMain_
ADDED from AndroidManifest.xml:18:9
	android:label
		ADDED from AndroidManifest.xml:18:73
	android:name
		ADDED from AndroidManifest.xml:18:19
	android:launchMode
		ADDED from AndroidManifest.xml:18:106
intent-filter#android.intent.action.MAIN+android.intent.category.LAUNCHER
ADDED from AndroidManifest.xml:19:13
action#android.intent.action.MAIN
ADDED from AndroidManifest.xml:20:17
	android:name
		ADDED from AndroidManifest.xml:20:25
category#android.intent.category.LAUNCHER
ADDED from AndroidManifest.xml:21:17
	android:name
		ADDED from AndroidManifest.xml:21:27
activity#com.earthflare.android.ircradio.ActWebView
ADDED from AndroidManifest.xml:25:9
	android:label
		ADDED from AndroidManifest.xml:25:46
	android:configChanges
		ADDED from AndroidManifest.xml:25:79
	android:name
		ADDED from AndroidManifest.xml:25:19
	android:launchMode
		ADDED from AndroidManifest.xml:25:189
service#com.earthflare.android.ircradio.IrcRadioService
ADDED from AndroidManifest.xml:26:9
	android:name
		ADDED from AndroidManifest.xml:26:18